Performing C++ SOURCE FILE Test CMAKE_HAVE_LIBC_PTHREAD failed with the following output:
Change Dir: /home/mawad/github/PTX_BCHT/build/CMakeFiles/CMakeTmp

Run Build Command(s):/usr/bin/make -f Makefile cmTC_5cb02/fast && make: Warning: File 'Makefile' has modification time 0.008 s in the future
/usr/bin/make  -f CMakeFiles/cmTC_5cb02.dir/build.make CMakeFiles/cmTC_5cb02.dir/build
make[1]: Entering directory '/home/mawad/github/PTX_BCHT/build/CMakeFiles/CMakeTmp'
make[1]: Warning: File 'CMakeFiles/cmTC_5cb02.dir/flags.make' has modification time 0.0032 s in the future
Building CXX object CMakeFiles/cmTC_5cb02.dir/src.cxx.o
/usr/bin/c++ -DCMAKE_HAVE_LIBC_PTHREAD  -std=gnu++17 -o CMakeFiles/cmTC_5cb02.dir/src.cxx.o -c /home/mawad/github/PTX_BCHT/build/CMakeFiles/CMakeTmp/src.cxx
Linking CXX executable cmTC_5cb02
/home/mawad/.conda/envs/cmake-env/bin/cmake -E cmake_link_script CMakeFiles/cmTC_5cb02.dir/link.txt --verbose=1
/usr/bin/c++ CMakeFiles/cmTC_5cb02.dir/src.cxx.o -o cmTC_5cb02 
/usr/bin/ld: CMakeFiles/cmTC_5cb02.dir/src.cxx.o: in function `main':
src.cxx:(.text+0x46): undefined reference to `pthread_create'
/usr/bin/ld: src.cxx:(.text+0x52): undefined reference to `pthread_detach'
/usr/bin/ld: src.cxx:(.text+0x5e): undefined reference to `pthread_cancel'
/usr/bin/ld: src.cxx:(.text+0x6f): undefined reference to `pthread_join'
collect2: error: ld returned 1 exit status
make[1]: *** [CMakeFiles/cmTC_5cb02.dir/build.make:99: cmTC_5cb02] Error 1
make[1]: Leaving directory '/home/mawad/github/PTX_BCHT/build/CMakeFiles/CMakeTmp'
make: *** [Makefile:127: cmTC_5cb02/fast] Error 2


Source file was:
#include <pthread.h>

static void* test_func(void* data)
{
  return data;
}

int main(void)
{
  pthread_t thread;
  pthread_create(&thread, NULL, test_func, NULL);
  pthread_detach(thread);
  pthread_cancel(thread);
  pthread_join(thread, NULL);
  pthread_atfork(NULL, NULL, NULL);
  pthread_exit(NULL);

  return 0;
}

Determining if the function pthread_create exists in the pthreads failed with the following output:
Change Dir: /home/mawad/github/PTX_BCHT/build/CMakeFiles/CMakeTmp

Run Build Command(s):/usr/bin/make -f Makefile cmTC_3344c/fast && make: Warning: File 'Makefile' has modification time 0.0083 s in the future
/usr/bin/make  -f CMakeFiles/cmTC_3344c.dir/build.make CMakeFiles/cmTC_3344c.dir/build
make[1]: Entering directory '/home/mawad/github/PTX_BCHT/build/CMakeFiles/CMakeTmp'
make[1]: Warning: File 'CMakeFiles/cmTC_3344c.dir/flags.make' has modification time 0.0046 s in the future
Building CXX object CMakeFiles/cmTC_3344c.dir/CheckFunctionExists.cxx.o
/usr/bin/c++   -DCHECK_FUNCTION_EXISTS=pthread_create -std=gnu++17 -o CMakeFiles/cmTC_3344c.dir/CheckFunctionExists.cxx.o -c /home/mawad/github/PTX_BCHT/build/CMakeFiles/CheckLibraryExists/CheckFunctionExists.cxx
Linking CXX executable cmTC_3344c
/home/mawad/.conda/envs/cmake-env/bin/cmake -E cmake_link_script CMakeFiles/cmTC_3344c.dir/link.txt --verbose=1
/usr/bin/c++  -DCHECK_FUNCTION_EXISTS=pthread_create CMakeFiles/cmTC_3344c.dir/CheckFunctionExists.cxx.o -o cmTC_3344c  -lpthreads 
/usr/bin/ld: cannot find -lpthreads
collect2: error: ld returned 1 exit status
make[1]: *** [CMakeFiles/cmTC_3344c.dir/build.make:99: cmTC_3344c] Error 1
make[1]: Leaving directory '/home/mawad/github/PTX_BCHT/build/CMakeFiles/CMakeTmp'
make: *** [Makefile:127: cmTC_3344c/fast] Error 2



